<?xml version="1.0" encoding="UTF-8"?>
<testsuite name="IOFileAPITest" tests="1" skipped="0" failures="0" errors="0" timestamp="2021-08-20T03:54:05" hostname="DESKTOP-TLRN2B1" time="0.047">
  <properties/>
  <testcase name="checkFileExist()" classname="IOFileAPITest" time="0.047"/>
  <system-out><![CDATA[]]></system-out>
  <system-err><![CDATA[]]></system-err>
</testsuite>
