<?xml version="1.0" encoding="UTF-8"?>
<testsuite name="IOFileAPITest" tests="1" skipped="0" failures="0" errors="0" timestamp="2021-08-22T04:16:47" hostname="DESKTOP-TLRN2B1" time="0.176">
  <properties/>
  <testcase name="listFilesDirectoriesAsWellAsFilesWithExtension()" classname="IOFileAPITest" time="0.176"/>
  <system-out><![CDATA[C:\Users\Dhiru\TempPlayGround\temp1
C:\Users\Dhiru\TempPlayGround\temp2
C:\Users\Dhiru\TempPlayGround\temp3
C:\Users\Dhiru\TempPlayGround\temp4
C:\Users\Dhiru\TempPlayGround\temp5
C:\Users\Dhiru\TempPlayGround\temp6
C:\Users\Dhiru\TempPlayGround\temp7
C:\Users\Dhiru\TempPlayGround\temp8
C:\Users\Dhiru\TempPlayGround\temp9
*****
C:\Users\Dhiru\TempPlayGround\temp1
C:\Users\Dhiru\TempPlayGround\temp2
C:\Users\Dhiru\TempPlayGround\temp3
C:\Users\Dhiru\TempPlayGround\temp4
C:\Users\Dhiru\TempPlayGround\temp5
C:\Users\Dhiru\TempPlayGround\temp6
C:\Users\Dhiru\TempPlayGround\temp7
C:\Users\Dhiru\TempPlayGround\temp8
C:\Users\Dhiru\TempPlayGround\temp9
*****
]]></system-out>
  <system-err><![CDATA[]]></system-err>
</testsuite>
